<?xml version="1.0" encoding="UTF-8"?>
<!-- Generated by org.testng.reporters.JUnitReportReporter -->
<testsuite hostname="NB679" failures="0" tests="16" name="net.absoft.AuthenticationServiceTest" time="8.149" errors="4" timestamp="2023-03-10T19:00:27 EET" skipped="0">
  <testcase classname="net.absoft.AuthenticationServiceTest" name="testInvalidAuthentication" time="0.001">
    <error message="
Cannot inject @Test annotated Method [testInvalidAuthentication] with [class java.lang.String, class java.lang.String, class net.absoft.data.Response].
For more information on native dependency injection please refer to https://testng.org/doc/documentation-main.html#native-dependency-injection" type="org.testng.TestNGException">
      <![CDATA[org.testng.TestNGException: 
Cannot inject @Test annotated Method [testInvalidAuthentication] with [class java.lang.String, class java.lang.String, class net.absoft.data.Response].
For more information on native dependency injection please refer to https://testng.org/doc/documentation-main.html#native-dependency-injection
at org.testng.internal.Parameters.checkParameterTypes(Parameters.java:436)
at org.testng.internal.Parameters.createParametersForMethod(Parameters.java:350)
at org.testng.internal.Parameters.createParameters(Parameters.java:669)
at org.testng.internal.Parameters.handleParameters(Parameters.java:856)
at org.testng.internal.Parameters.handleParameters(Parameters.java:704)
at org.testng.internal.invokers.ParameterHandler.handleParameters(ParameterHandler.java:70)
at org.testng.internal.invokers.ParameterHandler.createParameters(ParameterHandler.java:49)
at org.testng.internal.invokers.TestInvoker$MethodInvocationAgent.invoke(TestInvoker.java:904)
at org.testng.internal.invokers.TestInvoker.invokeTestMethods(TestInvoker.java:193)
at org.testng.internal.invokers.TestMethodWorker.invokeTestMethods(TestMethodWorker.java:146)
at org.testng.internal.invokers.TestMethodWorker.run(TestMethodWorker.java:128)
at java.base/java.util.concurrent.ThreadPoolExecutor.runWorker(ThreadPoolExecutor.java:1128)
at java.base/java.util.concurrent.ThreadPoolExecutor$Worker.run(ThreadPoolExecutor.java:628)
at java.base/java.lang.Thread.run(Thread.java:834)
]]>
    </error>
  </testcase> <!-- testInvalidAuthentication -->
  <system-out/>
  <testcase classname="net.absoft.AuthenticationServiceTest" name="testSuccessfulAuthenticationWithUnderscore" time="0.005"/>
  <system-out/>
  <testcase classname="net.absoft.AuthenticationServiceTest" name="testInvalidAuthentication" time="0.000">
    <error message="
Cannot inject @Test annotated Method [testInvalidAuthentication] with [class java.lang.String, class java.lang.String, class net.absoft.data.Response].
For more information on native dependency injection please refer to https://testng.org/doc/documentation-main.html#native-dependency-injection" type="org.testng.TestNGException">
      <![CDATA[org.testng.TestNGException: 
Cannot inject @Test annotated Method [testInvalidAuthentication] with [class java.lang.String, class java.lang.String, class net.absoft.data.Response].
For more information on native dependency injection please refer to https://testng.org/doc/documentation-main.html#native-dependency-injection
at org.testng.internal.Parameters.checkParameterTypes(Parameters.java:436)
at org.testng.internal.Parameters.createParametersForMethod(Parameters.java:350)
at org.testng.internal.Parameters.createParameters(Parameters.java:669)
at org.testng.internal.Parameters.handleParameters(Parameters.java:856)
at org.testng.internal.Parameters.handleParameters(Parameters.java:704)
at org.testng.internal.invokers.ParameterHandler.handleParameters(ParameterHandler.java:70)
at org.testng.internal.invokers.ParameterHandler.createParameters(ParameterHandler.java:49)
at org.testng.internal.invokers.TestInvoker$MethodInvocationAgent.invoke(TestInvoker.java:904)
at org.testng.internal.invokers.TestInvoker.invokeTestMethods(TestInvoker.java:193)
at org.testng.internal.invokers.TestMethodWorker.invokeTestMethods(TestMethodWorker.java:146)
at org.testng.internal.invokers.TestMethodWorker.run(TestMethodWorker.java:128)
at java.base/java.util.concurrent.ThreadPoolExecutor.runWorker(ThreadPoolExecutor.java:1128)
at java.base/java.util.concurrent.ThreadPoolExecutor$Worker.run(ThreadPoolExecutor.java:628)
at java.base/java.lang.Thread.run(Thread.java:834)
]]>
    </error>
  </testcase> <!-- testInvalidAuthentication -->
  <system-out/>
  <testcase classname="net.absoft.AuthenticationServiceTest" name="testSuccessfulAuthenticationWithUnderscore" time="0.003"/>
  <system-out/>
  <testcase classname="net.absoft.AuthenticationServiceTest" name="testAuthenticationWithInvalidEmail" time="0.009"/>
  <system-out/>
  <testcase classname="net.absoft.AuthenticationServiceTest" name="testAuthenticationWithInvalidEmail" time="0.000"/>
  <system-out/>
  <testcase classname="net.absoft.AuthenticationServiceTest" name="testSuccessfulAuthenticationWithDifferentCaseinPassword" time="0.000"/>
  <system-out/>
  <testcase classname="net.absoft.AuthenticationServiceTest" name="testSample" time="2.028"/>
  <system-out/>
  <testcase classname="net.absoft.AuthenticationServiceTest" name="testSuccessfulAuthenticationWithDifferentCaseinPassword" time="0.004"/>
  <system-out/>
  <testcase classname="net.absoft.AuthenticationServiceTest" name="testSuccessfulAuthentication" time="2.013"/>
  <system-out/>
  <testcase classname="net.absoft.AuthenticationServiceTest" name="testSuccessfulAuthentication" time="2.014"/>
  <system-out/>
  <testcase classname="net.absoft.AuthenticationServiceTest" name="testSample" time="2.026"/>
  <system-out/>
  <testcase classname="net.absoft.AuthenticationServiceTest" name="testAuthenticationWithEmptyPassword" time="0.001"/>
  <system-out/>
  <testcase classname="net.absoft.AuthenticationServiceTest" name="testAuthenticationWithEmptyPassword" time="0.005"/>
  <system-out/>
  <testcase classname="net.absoft.AuthenticationServiceTest" name="testAuthenticationWithEmptyEmail" time="0.025">
    <error message="
[public void net.absoft.AuthenticationServiceTest.testAuthenticationWithEmptyEmail()] has no parameters defined but was found to be using a data provider (either explicitly specified or inherited from class level annotation).
Data provider mismatch
Method: testAuthenticationWithEmptyEmail([])
Arguments: [(java.lang.String) user1@test.com,(java.lang.String) wrong_password,(net.absoft.data.Response) Response{code=401, message=&#039;Invalid email or password&#039;}]" type="org.testng.internal.reflect.MethodMatcherException">
      <![CDATA[org.testng.internal.reflect.MethodMatcherException: 
[public void net.absoft.AuthenticationServiceTest.testAuthenticationWithEmptyEmail()] has no parameters defined but was found to be using a data provider (either explicitly specified or inherited from class level annotation).
Data provider mismatch
Method: testAuthenticationWithEmptyEmail([])
Arguments: [(java.lang.String) user1@test.com,(java.lang.String) wrong_password,(net.absoft.data.Response) Response{code=401, message='Invalid email or password'}]
at org.testng.internal.reflect.DataProviderMethodMatcher.getConformingArguments(DataProviderMethodMatcher.java:46)
at org.testng.internal.Parameters.injectParameters(Parameters.java:886)
at org.testng.internal.invokers.MethodRunner.runInParallel(MethodRunner.java:107)
at org.testng.internal.invokers.TestInvoker$MethodInvocationAgent.invoke(TestInvoker.java:934)
at org.testng.internal.invokers.TestInvoker.invokeTestMethods(TestInvoker.java:193)
at org.testng.internal.invokers.TestMethodWorker.invokeTestMethods(TestMethodWorker.java:146)
at org.testng.internal.invokers.TestMethodWorker.run(TestMethodWorker.java:128)
at java.base/java.util.concurrent.ThreadPoolExecutor.runWorker(ThreadPoolExecutor.java:1128)
at java.base/java.util.concurrent.ThreadPoolExecutor$Worker.run(ThreadPoolExecutor.java:628)
at java.base/java.lang.Thread.run(Thread.java:834)
]]>
    </error>
  </testcase> <!-- testAuthenticationWithEmptyEmail -->
  <system-out/>
  <testcase classname="net.absoft.AuthenticationServiceTest" name="testAuthenticationWithEmptyEmail" time="0.015">
    <error message="
[public void net.absoft.AuthenticationServiceTest.testAuthenticationWithEmptyEmail()] has no parameters defined but was found to be using a data provider (either explicitly specified or inherited from class level annotation).
Data provider mismatch
Method: testAuthenticationWithEmptyEmail([])
Arguments: [(java.lang.String) user1@test.com,(java.lang.String) wrong_password,(net.absoft.data.Response) Response{code=401, message=&#039;Invalid email or password&#039;}]" type="org.testng.internal.reflect.MethodMatcherException">
      <![CDATA[org.testng.internal.reflect.MethodMatcherException: 
[public void net.absoft.AuthenticationServiceTest.testAuthenticationWithEmptyEmail()] has no parameters defined but was found to be using a data provider (either explicitly specified or inherited from class level annotation).
Data provider mismatch
Method: testAuthenticationWithEmptyEmail([])
Arguments: [(java.lang.String) user1@test.com,(java.lang.String) wrong_password,(net.absoft.data.Response) Response{code=401, message='Invalid email or password'}]
at org.testng.internal.reflect.DataProviderMethodMatcher.getConformingArguments(DataProviderMethodMatcher.java:46)
at org.testng.internal.Parameters.injectParameters(Parameters.java:886)
at org.testng.internal.invokers.MethodRunner.runInParallel(MethodRunner.java:107)
at org.testng.internal.invokers.TestInvoker$MethodInvocationAgent.invoke(TestInvoker.java:934)
at org.testng.internal.invokers.TestInvoker.invokeTestMethods(TestInvoker.java:193)
at org.testng.internal.invokers.TestMethodWorker.invokeTestMethods(TestMethodWorker.java:146)
at org.testng.internal.invokers.TestMethodWorker.run(TestMethodWorker.java:128)
at java.base/java.util.concurrent.ThreadPoolExecutor.runWorker(ThreadPoolExecutor.java:1128)
at java.base/java.util.concurrent.ThreadPoolExecutor$Worker.run(ThreadPoolExecutor.java:628)
at java.base/java.lang.Thread.run(Thread.java:834)
]]>
    </error>
  </testcase> <!-- testAuthenticationWithEmptyEmail -->
  <system-out/>
</testsuite> <!-- net.absoft.AuthenticationServiceTest -->
